[04:46:33] [main/INFO]: Setting user: Player994
[04:46:34] [Client thread/INFO]: LWJGL Version: 2.9.1
[04:46:38] [Client thread/INFO]: Reloading ResourceManager: Default, FMLFileResourcePack:Forge Mod Loader, FMLFileResourcePack:Minecraft Forge, FMLFileResourcePack:The Charcoal Mod
[04:46:38] [Sound Library Loader/INFO]: Sound engine started
[04:46:40] [Client thread/INFO]: Created: 512x256 textures/blocks-atlas
[04:46:40] [Client thread/INFO]: Created: 256x256 textures/items-atlas
[04:46:40] [Client thread/INFO]: Reloading ResourceManager: Default, FMLFileResourcePack:Forge Mod Loader, FMLFileResourcePack:Minecraft Forge, FMLFileResourcePack:The Charcoal Mod
[04:46:40] [Client thread/INFO]: Created: 512x256 textures/blocks-atlas
[04:46:40] [Client thread/INFO]: Created: 512x256 textures/items-atlas
[04:46:41] [Sound Library Loader/INFO]: Sound engine started
[04:46:44] [Server thread/INFO]: Starting integrated minecraft server version 1.7.10
[04:46:44] [Server thread/INFO]: Generating keypair
[04:46:44] [Server thread/INFO]: Preparing start region for level 0
[04:46:45] [Server thread/INFO]: Changing view distance to 12, from 10
[04:46:45] [Server thread/INFO]: Player994[local:E:48f626a5] logged in with entity id 288 at (48.493635946777154, 70.0, 252.70889534659014)
[04:46:45] [Server thread/INFO]: Player994 joined the game
[04:46:47] [Server thread/INFO]: Saving and pausing game...
[04:46:47] [Server thread/INFO]: Saving chunks for level 'Tree Test'/Overworld
[04:46:47] [Server thread/INFO]: Saving chunks for level 'Tree Test'/Nether
[04:46:47] [Server thread/INFO]: Saving chunks for level 'Tree Test'/The End
[04:49:04] [Server thread/INFO]: Stopping server
[04:49:04] [Server thread/INFO]: Saving players
[04:49:04] [Server thread/INFO]: Saving worlds
[04:49:04] [Server thread/INFO]: Saving chunks for level 'Tree Test'/Overworld
[04:49:04] [Server thread/INFO]: Saving chunks for level 'Tree Test'/Nether
[04:49:04] [Server thread/INFO]: Saving chunks for level 'Tree Test'/The End
